<?xml version="1.0" encoding="utf-8"?><testsuites name="pytest tests"><testsuite name="pytest" errors="0" failures="0" skipped="0" tests="13" time="8.590" timestamp="2026-09-17T20:18:05.821708+00:00" hostname="agent-env-56d504c4-b05a-49c6-ab12-46977f8d5ca0"><testcase classname="backend.tests.test_reportbeacon_api" name="test_health" time="0.208" /><testcase classname="backend.tests.test_reportbeacon_api" name="test_login_roles[owner@reportbeacon.demo-owner]" time="0.509" /><testcase classname="backend.tests.test_reportbeacon_api" name="test_login_roles[manager@reportbeacon.demo-manager]" time="0.436" /><testcase classname="backend.tests.test_reportbeacon_api" name="test_login_roles[viewer@reportbeacon.demo-viewer]" time="0.489" /><testcase classname="backend.tests.test_reportbeacon_api" name="test_login_wrong_password" time="0.563" /><testcase classname="backend.tests.test_reportbeacon_api" name="test_register_duplicate_owner_returns_409" time="0.212" /><testcase classname="backend.tests.test_reportbeacon_api" name="test_brute_force_lockout" time="3.242" /><testcase classname="backend.tests.test_reportbeacon_api" name="test_register_and_clients_seeded" time="0.629" /><testcase classname="backend.tests.test_reportbeacon_api" name="test_me_requires_cookie" time="0.186" /><testcase classname="backend.tests.test_reportbeacon_api" name="test_me_with_cookie" time="0.614" /><testcase classname="backend.tests.test_reportbeacon_api" name="test_workspace_requires_auth" time="0.625" /><testcase classname="backend.tests.test_reportbeacon_api" name="test_workspace_get_put_persist" time="0.327" /><testcase classname="backend.tests.test_reportbeacon_api" name="test_reports_crud" time="0.497" /></testsuite></testsuites>